2020-01-12 15:00:33.870  INFO 3440 --- [main] c.h.wxprogram.WxprogramApplicationTests  : Starting WxprogramApplicationTests on DESKTOP-7KELHOS with PID 3440 (started by 16960 in D:\opensource\workSpaceIDEA\wxprogram)
2020-01-12 15:00:33.872 DEBUG 3440 --- [main] c.h.wxprogram.WxprogramApplicationTests  : Running with Spring Boot v2.2.1.RELEASE, Spring v5.2.1.RELEASE
2020-01-12 15:00:33.873  INFO 3440 --- [main] c.h.wxprogram.WxprogramApplicationTests  : No active profile set, falling back to default profiles: default
2020-01-12 15:00:34.890  INFO 3440 --- [main] .s.d.r.c.RepositoryConfigurationDelegate : Multiple Spring Data modules found, entering strict repository configuration mode!
2020-01-12 15:00:34.893  INFO 3440 --- [main] .s.d.r.c.RepositoryConfigurationDelegate : Bootstrapping Spring Data repositories in DEFAULT mode.
2020-01-12 15:00:34.933  INFO 3440 --- [main] .s.d.r.c.RepositoryConfigurationDelegate : Finished Spring Data repository scanning in 27ms. Found 0 repository interfaces.
2020-01-12 15:00:35.498  INFO 3440 --- [main] trationDelegate$BeanPostProcessorChecker : Bean 'org.springframework.transaction.annotation.ProxyTransactionManagementConfiguration' of type [org.springframework.transaction.annotation.ProxyTransactionManagementConfiguration] is not eligible for getting processed by all BeanPostProcessors (for example: not eligible for auto-proxying)
2020-01-12 15:00:35.627  INFO 3440 --- [main] trationDelegate$BeanPostProcessorChecker : Bean 'shiroConfig' of type [com.hsport.wxprogram.common.shiro.ShiroConfig$$EnhancerBySpringCGLIB$$7be91e13] is not eligible for getting processed by all BeanPostProcessors (for example: not eligible for auto-proxying)
2020-01-12 15:00:35.914  INFO 3440 --- [main] trationDelegate$BeanPostProcessorChecker : Bean 'modularRealmAuthenticator' of type [com.hsport.wxprogram.common.shiro.realm.UserModularRealmAuthenticator] is not eligible for getting processed by all BeanPostProcessors (for example: not eligible for auto-proxying)
2020-01-12 15:00:36.027  INFO 3440 --- [main] trationDelegate$BeanPostProcessorChecker : Bean 'mybatis-plus-com.baomidou.mybatisplus.spring.boot.starter.MybatisPlusProperties' of type [com.baomidou.mybatisplus.spring.boot.starter.MybatisPlusProperties] is not eligible for getting processed by all BeanPostProcessors (for example: not eligible for auto-proxying)
2020-01-12 15:00:36.035  INFO 3440 --- [main] trationDelegate$BeanPostProcessorChecker : Bean 'mybatisPlusConfig' of type [com.hsport.wxprogram.common.config.MybatisPlusConfig$$EnhancerBySpringCGLIB$$b305bd46] is not eligible for getting processed by all BeanPostProcessors (for example: not eligible for auto-proxying)
2020-01-12 15:00:36.044  INFO 3440 --- [main] trationDelegate$BeanPostProcessorChecker : Bean 'paginationInterceptor' of type [com.baomidou.mybatisplus.plugins.PaginationInterceptor] is not eligible for getting processed by all BeanPostProcessors (for example: not eligible for auto-proxying)
2020-01-12 15:00:36.051  INFO 3440 --- [main] trationDelegate$BeanPostProcessorChecker : Bean 'com.baomidou.mybatisplus.spring.boot.starter.MybatisPlusAutoConfiguration' of type [com.baomidou.mybatisplus.spring.boot.starter.MybatisPlusAutoConfiguration$$EnhancerBySpringCGLIB$$a98d9af8] is not eligible for getting processed by all BeanPostProcessors (for example: not eligible for auto-proxying)
2020-01-12 15:00:36.054  INFO 3440 --- [main] trationDelegate$BeanPostProcessorChecker : Bean 'org.springframework.boot.autoconfigure.jdbc.DataSourceConfiguration$Hikari' of type [org.springframework.boot.autoconfigure.jdbc.DataSourceConfiguration$Hikari] is not eligible for getting processed by all BeanPostProcessors (for example: not eligible for auto-proxying)
2020-01-12 15:00:36.064  INFO 3440 --- [main] trationDelegate$BeanPostProcessorChecker : Bean 'spring.datasource-org.springframework.boot.autoconfigure.jdbc.DataSourceProperties' of type [org.springframework.boot.autoconfigure.jdbc.DataSourceProperties] is not eligible for getting processed by all BeanPostProcessors (for example: not eligible for auto-proxying)
2020-01-12 15:00:36.087  INFO 3440 --- [main] trationDelegate$BeanPostProcessorChecker : Bean 'dataSource' of type [com.zaxxer.hikari.HikariDataSource] is not eligible for getting processed by all BeanPostProcessors (for example: not eligible for auto-proxying)
2020-01-12 15:00:36.098  INFO 3440 --- [main] trationDelegate$BeanPostProcessorChecker : Bean 'org.springframework.boot.autoconfigure.jdbc.DataSourceInitializerInvoker' of type [org.springframework.boot.autoconfigure.jdbc.DataSourceInitializerInvoker] is not eligible for getting processed by all BeanPostProcessors (for example: not eligible for auto-proxying)
2020-01-12 15:00:36.148  INFO 3440 --- [main] com.zaxxer.hikari.HikariDataSource       : HikariPool-1 - Starting...
2020-01-12 15:00:36.367  INFO 3440 --- [main] com.zaxxer.hikari.HikariDataSource       : HikariPool-1 - Start completed.
2020-01-12 15:00:37.243  INFO 3440 --- [main] trationDelegate$BeanPostProcessorChecker : Bean 'sqlSessionFactory' of type [org.apache.ibatis.session.defaults.DefaultSqlSessionFactory] is not eligible for getting processed by all BeanPostProcessors (for example: not eligible for auto-proxying)
2020-01-12 15:00:37.249  INFO 3440 --- [main] trationDelegate$BeanPostProcessorChecker : Bean 'sqlSessionTemplate' of type [org.mybatis.spring.SqlSessionTemplate] is not eligible for getting processed by all BeanPostProcessors (for example: not eligible for auto-proxying)
2020-01-12 15:00:37.251  INFO 3440 --- [main] trationDelegate$BeanPostProcessorChecker : Bean 'userMapper' of type [org.mybatis.spring.mapper.MapperFactoryBean] is not eligible for getting processed by all BeanPostProcessors (for example: not eligible for auto-proxying)
2020-01-12 15:00:37.253  INFO 3440 --- [main] trationDelegate$BeanPostProcessorChecker : Bean 'userMapper' of type [com.sun.proxy.$Proxy96] is not eligible for getting processed by all BeanPostProcessors (for example: not eligible for auto-proxying)
2020-01-12 15:00:37.258  INFO 3440 --- [main] trationDelegate$BeanPostProcessorChecker : Bean 'orderMapper' of type [org.mybatis.spring.mapper.MapperFactoryBean] is not eligible for getting processed by all BeanPostProcessors (for example: not eligible for auto-proxying)
2020-01-12 15:00:37.260  INFO 3440 --- [main] trationDelegate$BeanPostProcessorChecker : Bean 'orderMapper' of type [com.sun.proxy.$Proxy97] is not eligible for getting processed by all BeanPostProcessors (for example: not eligible for auto-proxying)
2020-01-12 15:00:37.260  INFO 3440 --- [main] trationDelegate$BeanPostProcessorChecker : Bean 'userServiceImpl' of type [com.hsport.wxprogram.service.impl.UserServiceImpl] is not eligible for getting processed by all BeanPostProcessors (for example: not eligible for auto-proxying)
2020-01-12 15:00:37.281  INFO 3440 --- [main] trationDelegate$BeanPostProcessorChecker : Bean 'userRealm' of type [com.hsport.wxprogram.common.shiro.realm.UserRealm] is not eligible for getting processed by all BeanPostProcessors (for example: not eligible for auto-proxying)
2020-01-12 15:00:37.298  INFO 3440 --- [main] trationDelegate$BeanPostProcessorChecker : Bean 'sysuserMapper' of type [org.mybatis.spring.mapper.MapperFactoryBean] is not eligible for getting processed by all BeanPostProcessors (for example: not eligible for auto-proxying)
2020-01-12 15:00:37.299  INFO 3440 --- [main] trationDelegate$BeanPostProcessorChecker : Bean 'sysuserMapper' of type [com.sun.proxy.$Proxy98] is not eligible for getting processed by all BeanPostProcessors (for example: not eligible for auto-proxying)
2020-01-12 15:00:37.300  INFO 3440 --- [main] trationDelegate$BeanPostProcessorChecker : Bean 'sysuserServiceImpl' of type [com.hsport.wxprogram.service.impl.SysuserServiceImpl] is not eligible for getting processed by all BeanPostProcessors (for example: not eligible for auto-proxying)
2020-01-12 15:00:37.306  INFO 3440 --- [main] trationDelegate$BeanPostProcessorChecker : Bean 'SystemAdminRealm' of type [com.hsport.wxprogram.common.shiro.realm.SystemAdminRealm] is not eligible for getting processed by all BeanPostProcessors (for example: not eligible for auto-proxying)
2020-01-12 15:00:37.322  INFO 3440 --- [main] trationDelegate$BeanPostProcessorChecker : Bean 'coachMapper' of type [org.mybatis.spring.mapper.MapperFactoryBean] is not eligible for getting processed by all BeanPostProcessors (for example: not eligible for auto-proxying)
2020-01-12 15:00:37.324  INFO 3440 --- [main] trationDelegate$BeanPostProcessorChecker : Bean 'coachMapper' of type [com.sun.proxy.$Proxy99] is not eligible for getting processed by all BeanPostProcessors (for example: not eligible for auto-proxying)
2020-01-12 15:00:37.325  INFO 3440 --- [main] trationDelegate$BeanPostProcessorChecker : Bean 'coachServiceImpl' of type [com.hsport.wxprogram.service.impl.CoachServiceImpl] is not eligible for getting processed by all BeanPostProcessors (for example: not eligible for auto-proxying)
2020-01-12 15:00:37.331  INFO 3440 --- [main] trationDelegate$BeanPostProcessorChecker : Bean 'coachRealm' of type [com.hsport.wxprogram.common.shiro.realm.CoachRealm] is not eligible for getting processed by all BeanPostProcessors (for example: not eligible for auto-proxying)
2020-01-12 15:00:37.341  INFO 3440 --- [main] trationDelegate$BeanPostProcessorChecker : Bean 'SecurityManager' of type [org.apache.shiro.web.mgt.DefaultWebSecurityManager] is not eligible for getting processed by all BeanPostProcessors (for example: not eligible for auto-proxying)
2020-01-12 15:00:37.359  INFO 3440 --- [main] trationDelegate$BeanPostProcessorChecker : Bean 'authorizationAttributeSourceAdvisor' of type [org.apache.shiro.spring.security.interceptor.AuthorizationAttributeSourceAdvisor] is not eligible for getting processed by all BeanPostProcessors (for example: not eligible for auto-proxying)
2020-01-12 15:00:37.361  INFO 3440 --- [main] trationDelegate$BeanPostProcessorChecker : Bean 'txAnoConfig' of type [com.hsport.wxprogram.common.config.TxAnoConfig$$EnhancerBySpringCGLIB$$819d5997] is not eligible for getting processed by all BeanPostProcessors (for example: not eligible for auto-proxying)
2020-01-12 15:00:37.365  INFO 3440 --- [main] trationDelegate$BeanPostProcessorChecker : Bean 'org.springframework.boot.autoconfigure.jdbc.DataSourceTransactionManagerAutoConfiguration$DataSourceTransactionManagerConfiguration' of type [org.springframework.boot.autoconfigure.jdbc.DataSourceTransactionManagerAutoConfiguration$DataSourceTransactionManagerConfiguration] is not eligible for getting processed by all BeanPostProcessors (for example: not eligible for auto-proxying)
2020-01-12 15:00:37.369  INFO 3440 --- [main] trationDelegate$BeanPostProcessorChecker : Bean 'org.springframework.boot.autoconfigure.transaction.TransactionAutoConfiguration' of type [org.springframework.boot.autoconfigure.transaction.TransactionAutoConfiguration] is not eligible for getting processed by all BeanPostProcessors (for example: not eligible for auto-proxying)
2020-01-12 15:00:37.375  INFO 3440 --- [main] trationDelegate$BeanPostProcessorChecker : Bean 'spring.transaction-org.springframework.boot.autoconfigure.transaction.TransactionProperties' of type [org.springframework.boot.autoconfigure.transaction.TransactionProperties] is not eligible for getting processed by all BeanPostProcessors (for example: not eligible for auto-proxying)
2020-01-12 15:00:37.378  INFO 3440 --- [main] trationDelegate$BeanPostProcessorChecker : Bean 'platformTransactionManagerCustomizers' of type [org.springframework.boot.autoconfigure.transaction.TransactionManagerCustomizers] is not eligible for getting processed by all BeanPostProcessors (for example: not eligible for auto-proxying)
2020-01-12 15:00:37.386  INFO 3440 --- [main] trationDelegate$BeanPostProcessorChecker : Bean 'transactionManager' of type [org.springframework.jdbc.datasource.DataSourceTransactionManager] is not eligible for getting processed by all BeanPostProcessors (for example: not eligible for auto-proxying)
2020-01-12 15:00:37.392  INFO 3440 --- [main] trationDelegate$BeanPostProcessorChecker : Bean 'txSource' of type [org.springframework.transaction.interceptor.NameMatchTransactionAttributeSource] is not eligible for getting processed by all BeanPostProcessors (for example: not eligible for auto-proxying)
2020-01-12 15:00:37.393  INFO 3440 --- [main] trationDelegate$BeanPostProcessorChecker : Bean 'txInterceptor' of type [org.springframework.transaction.interceptor.TransactionInterceptor] is not eligible for getting processed by all BeanPostProcessors (for example: not eligible for auto-proxying)
2020-01-12 15:00:37.400  INFO 3440 --- [main] trationDelegate$BeanPostProcessorChecker : Bean 'pointcutAdvisor' of type [org.springframework.aop.aspectj.AspectJExpressionPointcutAdvisor] is not eligible for getting processed by all BeanPostProcessors (for example: not eligible for auto-proxying)
2020-01-12 15:00:37.945  INFO 3440 --- [main] f.a.AutowiredAnnotationBeanPostProcessor : Autowired annotation is not supported on static fields: public static java.lang.String com.hsport.wxprogram.service.impl.PayService.projectName
2020-01-12 15:00:37.946  INFO 3440 --- [main] f.a.AutowiredAnnotationBeanPostProcessor : Autowired annotation is not supported on static fields: public static java.lang.String com.hsport.wxprogram.service.impl.PayService.projectName
2020-01-12 15:00:38.967  INFO 3440 --- [main] pertySourcedRequestMappingHandlerMapping : Mapped URL path [/v2/api-docs] onto method [springfox.documentation.swagger2.web.Swagger2Controller#getDocumentation(String, HttpServletRequest)]
2020-01-12 15:00:39.334  INFO 3440 --- [main] o.s.s.concurrent.ThreadPoolTaskExecutor  : Initializing ExecutorService 'applicationTaskExecutor'
2020-01-12 15:00:40.172  INFO 3440 --- [main] d.s.w.p.DocumentationPluginsBootstrapper : Context refreshed
2020-01-12 15:00:40.192  INFO 3440 --- [main] d.s.w.p.DocumentationPluginsBootstrapper : Found 1 custom documentation plugin(s)
2020-01-12 15:00:40.227  INFO 3440 --- [main] s.d.s.w.s.ApiListingReferenceScanner     : Scanning for api listing references
2020-01-12 15:00:40.341  INFO 3440 --- [main] .d.s.w.r.o.CachingOperationNameGenerator : Generating unique operation named: deleteUsingPOST_1
2020-01-12 15:00:40.343  INFO 3440 --- [main] .d.s.w.r.o.CachingOperationNameGenerator : Generating unique operation named: jsonUsingPOST_1
2020-01-12 15:00:40.345  INFO 3440 --- [main] .d.s.w.r.o.CachingOperationNameGenerator : Generating unique operation named: listUsingPOST_1
2020-01-12 15:00:40.347  INFO 3440 --- [main] .d.s.w.r.o.CachingOperationNameGenerator : Generating unique operation named: saveUsingPOST_1
2020-01-12 15:00:40.356  INFO 3440 --- [main] .d.s.w.r.o.CachingOperationNameGenerator : Generating unique operation named: jsonUsingPOST_2
2020-01-12 15:00:40.361  INFO 3440 --- [main] .d.s.w.r.o.CachingOperationNameGenerator : Generating unique operation named: saveUsingPOST_2
2020-01-12 15:00:40.370  INFO 3440 --- [main] .d.s.w.r.o.CachingOperationNameGenerator : Generating unique operation named: deleteUsingPOST_2
2020-01-12 15:00:40.378  INFO 3440 --- [main] .d.s.w.r.o.CachingOperationNameGenerator : Generating unique operation named: jsonUsingPOST_3
2020-01-12 15:00:40.384  INFO 3440 --- [main] .d.s.w.r.o.CachingOperationNameGenerator : Generating unique operation named: saveUsingPOST_3
2020-01-12 15:00:40.396  INFO 3440 --- [main] .d.s.w.r.o.CachingOperationNameGenerator : Generating unique operation named: jsonUsingPOST_4
2020-01-12 15:00:40.400  INFO 3440 --- [main] .d.s.w.r.o.CachingOperationNameGenerator : Generating unique operation named: listUsingPOST_2
2020-01-12 15:00:40.406  INFO 3440 --- [main] .d.s.w.r.o.CachingOperationNameGenerator : Generating unique operation named: saveUsingPOST_4
2020-01-12 15:00:40.411  INFO 3440 --- [main] .d.s.w.r.o.CachingOperationNameGenerator : Generating unique operation named: deleteUsingPOST_3
2020-01-12 15:00:40.417  INFO 3440 --- [main] .d.s.w.r.o.CachingOperationNameGenerator : Generating unique operation named: jsonUsingPOST_5
2020-01-12 15:00:40.418  INFO 3440 --- [main] .d.s.w.r.o.CachingOperationNameGenerator : Generating unique operation named: listUsingGET_1
2020-01-12 15:00:40.420  INFO 3440 --- [main] .d.s.w.r.o.CachingOperationNameGenerator : Generating unique operation named: saveUsingPOST_5
2020-01-12 15:00:40.429  INFO 3440 --- [main] .d.s.w.r.o.CachingOperationNameGenerator : Generating unique operation named: deleteUsingPOST_4
2020-01-12 15:00:40.432  INFO 3440 --- [main] .d.s.w.r.o.CachingOperationNameGenerator : Generating unique operation named: getUsingGET_1
2020-01-12 15:00:40.436  INFO 3440 --- [main] .d.s.w.r.o.CachingOperationNameGenerator : Generating unique operation named: getByUserIDUsingPOST_1
2020-01-12 15:00:40.440  INFO 3440 --- [main] .d.s.w.r.o.CachingOperationNameGenerator : Generating unique operation named: jsonUsingPOST_6
2020-01-12 15:00:40.442  INFO 3440 --- [main] .d.s.w.r.o.CachingOperationNameGenerator : Generating unique operation named: saveUsingPOST_6
2020-01-12 15:00:40.447  INFO 3440 --- [main] .d.s.w.r.o.CachingOperationNameGenerator : Generating unique operation named: deleteUsingPOST_5
2020-01-12 15:00:40.449  INFO 3440 --- [main] .d.s.w.r.o.CachingOperationNameGenerator : Generating unique operation named: getByIDUsingPOST_1
2020-01-12 15:00:40.452  INFO 3440 --- [main] .d.s.w.r.o.CachingOperationNameGenerator : Generating unique operation named: jsonUsingPOST_7
2020-01-12 15:00:40.454  INFO 3440 --- [main] .d.s.w.r.o.CachingOperationNameGenerator : Generating unique operation named: listUsingPOST_3
2020-01-12 15:00:40.455  INFO 3440 --- [main] .d.s.w.r.o.CachingOperationNameGenerator : Generating unique operation named: saveUsingPOST_7
2020-01-12 15:00:40.459  INFO 3440 --- [main] .d.s.w.r.o.CachingOperationNameGenerator : Generating unique operation named: deleteUsingPOST_6
2020-01-12 15:00:40.462  INFO 3440 --- [main] .d.s.w.r.o.CachingOperationNameGenerator : Generating unique operation named: getByIDUsingPOST_2
2020-01-12 15:00:40.469  INFO 3440 --- [main] .d.s.w.r.o.CachingOperationNameGenerator : Generating unique operation named: jsonUsingPOST_8
2020-01-12 15:00:40.470  INFO 3440 --- [main] .d.s.w.r.o.CachingOperationNameGenerator : Generating unique operation named: listUsingPOST_4
2020-01-12 15:00:40.472  INFO 3440 --- [main] .d.s.w.r.o.CachingOperationNameGenerator : Generating unique operation named: saveUsingPOST_8
2020-01-12 15:00:40.477  INFO 3440 --- [main] .d.s.w.r.o.CachingOperationNameGenerator : Generating unique operation named: deleteUsingPOST_7
2020-01-12 15:00:40.478  INFO 3440 --- [main] .d.s.w.r.o.CachingOperationNameGenerator : Generating unique operation named: getByIDUsingPOST_3
2020-01-12 15:00:40.480  INFO 3440 --- [main] .d.s.w.r.o.CachingOperationNameGenerator : Generating unique operation named: jsonUsingPOST_9
2020-01-12 15:00:40.482  INFO 3440 --- [main] .d.s.w.r.o.CachingOperationNameGenerator : Generating unique operation named: listUsingPOST_5
2020-01-12 15:00:40.485  INFO 3440 --- [main] .d.s.w.r.o.CachingOperationNameGenerator : Generating unique operation named: saveUsingPOST_9
2020-01-12 15:00:40.487  INFO 3440 --- [main] .d.s.w.r.o.CachingOperationNameGenerator : Generating unique operation named: deleteUsingDELETE_1
2020-01-12 15:00:40.490  INFO 3440 --- [main] .d.s.w.r.o.CachingOperationNameGenerator : Generating unique operation named: getUsingGET_2
2020-01-12 15:00:40.496  INFO 3440 --- [main] .d.s.w.r.o.CachingOperationNameGenerator : Generating unique operation named: jsonUsingPOST_10
2020-01-12 15:00:40.497  INFO 3440 --- [main] .d.s.w.r.o.CachingOperationNameGenerator : Generating unique operation named: listUsingGET_2
2020-01-12 15:00:40.500  INFO 3440 --- [main] .d.s.w.r.o.CachingOperationNameGenerator : Generating unique operation named: saveUsingPOST_10
2020-01-12 15:00:40.502  INFO 3440 --- [main] .d.s.w.r.o.CachingOperationNameGenerator : Generating unique operation named: deleteUsingDELETE_2
2020-01-12 15:00:40.504  INFO 3440 --- [main] .d.s.w.r.o.CachingOperationNameGenerator : Generating unique operation named: getUsingGET_3
2020-01-12 15:00:40.507  INFO 3440 --- [main] .d.s.w.r.o.CachingOperationNameGenerator : Generating unique operation named: jsonUsingPOST_11
2020-01-12 15:00:40.509  INFO 3440 --- [main] .d.s.w.r.o.CachingOperationNameGenerator : Generating unique operation named: listUsingGET_3
2020-01-12 15:00:40.511  INFO 3440 --- [main] .d.s.w.r.o.CachingOperationNameGenerator : Generating unique operation named: saveUsingPOST_11
2020-01-12 15:00:40.513  INFO 3440 --- [main] .d.s.w.r.o.CachingOperationNameGenerator : Generating unique operation named: deleteUsingDELETE_3
2020-01-12 15:00:40.517  INFO 3440 --- [main] .d.s.w.r.o.CachingOperationNameGenerator : Generating unique operation named: jsonUsingPOST_12
2020-01-12 15:00:40.520  INFO 3440 --- [main] .d.s.w.r.o.CachingOperationNameGenerator : Generating unique operation named: saveUsingPOST_12
2020-01-12 15:00:40.522  INFO 3440 --- [main] .d.s.w.r.o.CachingOperationNameGenerator : Generating unique operation named: deleteUsingDELETE_4
2020-01-12 15:00:40.525  INFO 3440 --- [main] .d.s.w.r.o.CachingOperationNameGenerator : Generating unique operation named: jsonUsingPOST_13
2020-01-12 15:00:40.529  INFO 3440 --- [main] .d.s.w.r.o.CachingOperationNameGenerator : Generating unique operation named: saveUsingPOST_13
2020-01-12 15:00:40.534  INFO 3440 --- [main] .d.s.w.r.o.CachingOperationNameGenerator : Generating unique operation named: deleteUsingPOST_8
2020-01-12 15:00:40.536  INFO 3440 --- [main] .d.s.w.r.o.CachingOperationNameGenerator : Generating unique operation named: getByIDUsingPOST_4
2020-01-12 15:00:40.537  INFO 3440 --- [main] .d.s.w.r.o.CachingOperationNameGenerator : Generating unique operation named: jsonUsingPOST_14
2020-01-12 15:00:40.539  INFO 3440 --- [main] .d.s.w.r.o.CachingOperationNameGenerator : Generating unique operation named: listUsingPOST_6
2020-01-12 15:00:40.540  INFO 3440 --- [main] .d.s.w.r.o.CachingOperationNameGenerator : Generating unique operation named: saveUsingPOST_14
2020-01-12 15:00:40.546  INFO 3440 --- [main] .d.s.w.r.o.CachingOperationNameGenerator : Generating unique operation named: deleteUsingDELETE_5
2020-01-12 15:00:40.549  INFO 3440 --- [main] .d.s.w.r.o.CachingOperationNameGenerator : Generating unique operation named: jsonUsingPOST_15
2020-01-12 15:00:40.552  INFO 3440 --- [main] .d.s.w.r.o.CachingOperationNameGenerator : Generating unique operation named: saveUsingPOST_15
2020-01-12 15:00:40.553  INFO 3440 --- [main] .d.s.w.r.o.CachingOperationNameGenerator : Generating unique operation named: deleteUsingDELETE_6
2020-01-12 15:00:40.557  INFO 3440 --- [main] .d.s.w.r.o.CachingOperationNameGenerator : Generating unique operation named: getUsingGET_4
2020-01-12 15:00:40.559  INFO 3440 --- [main] .d.s.w.r.o.CachingOperationNameGenerator : Generating unique operation named: getByUserIDUsingPOST_2
2020-01-12 15:00:40.561  INFO 3440 --- [main] .d.s.w.r.o.CachingOperationNameGenerator : Generating unique operation named: jsonUsingPOST_16
2020-01-12 15:00:40.562  INFO 3440 --- [main] .d.s.w.r.o.CachingOperationNameGenerator : Generating unique operation named: listUsingGET_4
2020-01-12 15:00:40.566  INFO 3440 --- [main] .d.s.w.r.o.CachingOperationNameGenerator : Generating unique operation named: saveUsingPOST_16
2020-01-12 15:00:40.568  INFO 3440 --- [main] .d.s.w.r.o.CachingOperationNameGenerator : Generating unique operation named: deleteUsingDELETE_7
2020-01-12 15:00:40.571  INFO 3440 --- [main] .d.s.w.r.o.CachingOperationNameGenerator : Generating unique operation named: getUsingGET_5
2020-01-12 15:00:40.572  INFO 3440 --- [main] .d.s.w.r.o.CachingOperationNameGenerator : Generating unique operation named: getByUserIDUsingPOST_3
2020-01-12 15:00:40.575  INFO 3440 --- [main] .d.s.w.r.o.CachingOperationNameGenerator : Generating unique operation named: jsonUsingPOST_17
2020-01-12 15:00:40.576  INFO 3440 --- [main] .d.s.w.r.o.CachingOperationNameGenerator : Generating unique operation named: listUsingGET_5
2020-01-12 15:00:40.579  INFO 3440 --- [main] .d.s.w.r.o.CachingOperationNameGenerator : Generating unique operation named: saveUsingPOST_17
2020-01-12 15:00:40.605  INFO 3440 --- [main] .d.s.w.r.o.CachingOperationNameGenerator : Generating unique operation named: deleteUsingDELETE_8
2020-01-12 15:00:40.610  INFO 3440 --- [main] .d.s.w.r.o.CachingOperationNameGenerator : Generating unique operation named: getUsingGET_6
2020-01-12 15:00:40.611  INFO 3440 --- [main] .d.s.w.r.o.CachingOperationNameGenerator : Generating unique operation named: getByUserIDUsingPOST_4
2020-01-12 15:00:40.614  INFO 3440 --- [main] .d.s.w.r.o.CachingOperationNameGenerator : Generating unique operation named: jsonUsingPOST_18
2020-01-12 15:00:40.615  INFO 3440 --- [main] .d.s.w.r.o.CachingOperationNameGenerator : Generating unique operation named: listUsingGET_6
2020-01-12 15:00:40.619  INFO 3440 --- [main] .d.s.w.r.o.CachingOperationNameGenerator : Generating unique operation named: saveUsingPOST_18
2020-01-12 15:00:40.626  INFO 3440 --- [main] .d.s.w.r.o.CachingOperationNameGenerator : Generating unique operation named: deleteUsingDELETE_9
2020-01-12 15:00:40.629  INFO 3440 --- [main] .d.s.w.r.o.CachingOperationNameGenerator : Generating unique operation named: getUsingPOST_1
2020-01-12 15:00:40.631  INFO 3440 --- [main] .d.s.w.r.o.CachingOperationNameGenerator : Generating unique operation named: getByIDUsingPOST_5
2020-01-12 15:00:40.634  INFO 3440 --- [main] .d.s.w.r.o.CachingOperationNameGenerator : Generating unique operation named: jsonUsingPOST_19
2020-01-12 15:00:40.635  INFO 3440 --- [main] .d.s.w.r.o.CachingOperationNameGenerator : Generating unique operation named: listUsingGET_7
2020-01-12 15:00:40.636  INFO 3440 --- [main] .d.s.w.r.o.CachingOperationNameGenerator : Generating unique operation named: saveUsingPOST_19
2020-01-12 15:00:40.641  INFO 3440 --- [main] .d.s.w.r.o.CachingOperationNameGenerator : Generating unique operation named: deleteUsingPOST_9
2020-01-12 15:00:40.642  INFO 3440 --- [main] .d.s.w.r.o.CachingOperationNameGenerator : Generating unique operation named: getByIDUsingPOST_6
2020-01-12 15:00:40.645  INFO 3440 --- [main] .d.s.w.r.o.CachingOperationNameGenerator : Generating unique operation named: jsonUsingPOST_20
2020-01-12 15:00:40.647  INFO 3440 --- [main] .d.s.w.r.o.CachingOperationNameGenerator : Generating unique operation named: listUsingPOST_7
2020-01-12 15:00:40.654  INFO 3440 --- [main] .d.s.w.r.o.CachingOperationNameGenerator : Generating unique operation named: saveUsingPOST_20
2020-01-12 15:00:40.658  INFO 3440 --- [main] .d.s.w.r.o.CachingOperationNameGenerator : Generating unique operation named: deleteUsingPOST_10
2020-01-12 15:00:40.660  INFO 3440 --- [main] .d.s.w.r.o.CachingOperationNameGenerator : Generating unique operation named: jsonUsingPOST_21
2020-01-12 15:00:40.661  INFO 3440 --- [main] .d.s.w.r.o.CachingOperationNameGenerator : Generating unique operation named: saveUsingPOST_21
2020-01-12 15:00:40.663  INFO 3440 --- [main] .d.s.w.r.o.CachingOperationNameGenerator : Generating unique operation named: deleteUsingPOST_11
2020-01-12 15:00:40.665  INFO 3440 --- [main] .d.s.w.r.o.CachingOperationNameGenerator : Generating unique operation named: getByIDUsingPOST_7
2020-01-12 15:00:40.669  INFO 3440 --- [main] .d.s.w.r.o.CachingOperationNameGenerator : Generating unique operation named: jsonUsingPOST_22
2020-01-12 15:00:40.670  INFO 3440 --- [main] .d.s.w.r.o.CachingOperationNameGenerator : Generating unique operation named: listUsingPOST_8
2020-01-12 15:00:40.672  INFO 3440 --- [main] .d.s.w.r.o.CachingOperationNameGenerator : Generating unique operation named: saveUsingPOST_22
2020-01-12 15:00:40.678  INFO 3440 --- [main] .d.s.w.r.o.CachingOperationNameGenerator : Generating unique operation named: deleteUsingPOST_12
2020-01-12 15:00:40.680  INFO 3440 --- [main] .d.s.w.r.o.CachingOperationNameGenerator : Generating unique operation named: getByIDUsingPOST_8
2020-01-12 15:00:40.683  INFO 3440 --- [main] .d.s.w.r.o.CachingOperationNameGenerator : Generating unique operation named: jsonUsingPOST_23
2020-01-12 15:00:40.684  INFO 3440 --- [main] .d.s.w.r.o.CachingOperationNameGenerator : Generating unique operation named: listUsingPOST_9
2020-01-12 15:00:40.685  INFO 3440 --- [main] .d.s.w.r.o.CachingOperationNameGenerator : Generating unique operation named: saveUsingPOST_23
2020-01-12 15:00:40.687  INFO 3440 --- [main] .d.s.w.r.o.CachingOperationNameGenerator : Generating unique operation named: selectAreaByCityIDUsingPOST_1
2020-01-12 15:00:40.690  INFO 3440 --- [main] .d.s.w.r.o.CachingOperationNameGenerator : Generating unique operation named: deleteUsingDELETE_10
2020-01-12 15:00:40.694  INFO 3440 --- [main] .d.s.w.r.o.CachingOperationNameGenerator : Generating unique operation named: getUsingGET_7
2020-01-12 15:00:40.696  INFO 3440 --- [main] .d.s.w.r.o.CachingOperationNameGenerator : Generating unique operation named: getByUserIDUsingPOST_5
2020-01-12 15:00:40.698  INFO 3440 --- [main] .d.s.w.r.o.CachingOperationNameGenerator : Generating unique operation named: jsonUsingPOST_24
2020-01-12 15:00:40.700  INFO 3440 --- [main] .d.s.w.r.o.CachingOperationNameGenerator : Generating unique operation named: listUsingGET_8
2020-01-12 15:00:40.703  INFO 3440 --- [main] .d.s.w.r.o.CachingOperationNameGenerator : Generating unique operation named: saveUsingPOST_24
2020-01-12 15:00:40.708  INFO 3440 --- [main] .d.s.w.r.o.CachingOperationNameGenerator : Generating unique operation named: deleteUsingPOST_13
2020-01-12 15:00:40.709  INFO 3440 --- [main] .d.s.w.r.o.CachingOperationNameGenerator : Generating unique operation named: getByIDUsingPOST_9
2020-01-12 15:00:40.712  INFO 3440 --- [main] .d.s.w.r.o.CachingOperationNameGenerator : Generating unique operation named: jsonUsingPOST_25
2020-01-12 15:00:40.714  INFO 3440 --- [main] .d.s.w.r.o.CachingOperationNameGenerator : Generating unique operation named: listUsingPOST_10
2020-01-12 15:00:40.715  INFO 3440 --- [main] .d.s.w.r.o.CachingOperationNameGenerator : Generating unique operation named: saveUsingPOST_25
2020-01-12 15:00:40.717  INFO 3440 --- [main] .d.s.w.r.o.CachingOperationNameGenerator : Generating unique operation named: deleteUsingDELETE_11
2020-01-12 15:00:40.722  INFO 3440 --- [main] .d.s.w.r.o.CachingOperationNameGenerator : Generating unique operation named: jsonUsingPOST_26
2020-01-12 15:00:40.725  INFO 3440 --- [main] .d.s.w.r.o.CachingOperationNameGenerator : Generating unique operation named: saveUsingPOST_26
2020-01-12 15:00:40.727  INFO 3440 --- [main] .d.s.w.r.o.CachingOperationNameGenerator : Generating unique operation named: deleteUsingDELETE_12
2020-01-12 15:00:40.736  INFO 3440 --- [main] .d.s.w.r.o.CachingOperationNameGenerator : Generating unique operation named: saveUsingPOST_27
2020-01-12 15:00:40.741  INFO 3440 --- [main] .d.s.w.r.o.CachingOperationNameGenerator : Generating unique operation named: deleteUsingDELETE_13
2020-01-12 15:00:40.744  INFO 3440 --- [main] .d.s.w.r.o.CachingOperationNameGenerator : Generating unique operation named: getUsingGET_8
2020-01-12 15:00:40.745  INFO 3440 --- [main] .d.s.w.r.o.CachingOperationNameGenerator : Generating unique operation named: getByUserIDUsingPOST_6
2020-01-12 15:00:40.748  INFO 3440 --- [main] .d.s.w.r.o.CachingOperationNameGenerator : Generating unique operation named: jsonUsingPOST_27
2020-01-12 15:00:40.749  INFO 3440 --- [main] .d.s.w.r.o.CachingOperationNameGenerator : Generating unique operation named: listUsingGET_9
2020-01-12 15:00:40.752  INFO 3440 --- [main] .d.s.w.r.o.CachingOperationNameGenerator : Generating unique operation named: saveUsingPOST_28
2020-01-12 15:00:40.754  INFO 3440 --- [main] .d.s.w.r.o.CachingOperationNameGenerator : Generating unique operation named: deleteUsingDELETE_14
2020-01-12 15:00:40.756  INFO 3440 --- [main] .d.s.w.r.o.CachingOperationNameGenerator : Generating unique operation named: getByUserIDUsingPOST_7
2020-01-12 15:00:40.759  INFO 3440 --- [main] .d.s.w.r.o.CachingOperationNameGenerator : Generating unique operation named: jsonUsingPOST_28
2020-01-12 15:00:40.760  INFO 3440 --- [main] .d.s.w.r.o.CachingOperationNameGenerator : Generating unique operation named: saveUsingPOST_29
2020-01-12 15:00:40.762  INFO 3440 --- [main] .d.s.w.r.o.CachingOperationNameGenerator : Generating unique operation named: deleteUsingPOST_14
2020-01-12 15:00:40.764  INFO 3440 --- [main] .d.s.w.r.o.CachingOperationNameGenerator : Generating unique operation named: getByIDUsingPOST_10
2020-01-12 15:00:40.767  INFO 3440 --- [main] .d.s.w.r.o.CachingOperationNameGenerator : Generating unique operation named: jsonUsingPOST_29
2020-01-12 15:00:40.768  INFO 3440 --- [main] .d.s.w.r.o.CachingOperationNameGenerator : Generating unique operation named: listUsingPOST_11
2020-01-12 15:00:40.770  INFO 3440 --- [main] .d.s.w.r.o.CachingOperationNameGenerator : Generating unique operation named: saveUsingPOST_30
2020-01-12 15:00:40.772  INFO 3440 --- [main] .d.s.w.r.o.CachingOperationNameGenerator : Generating unique operation named: deleteUsingDELETE_15
2020-01-12 15:00:40.780  INFO 3440 --- [main] .d.s.w.r.o.CachingOperationNameGenerator : Generating unique operation named: jsonUsingPOST_30
2020-01-12 15:00:40.784  INFO 3440 --- [main] .d.s.w.r.o.CachingOperationNameGenerator : Generating unique operation named: saveUsingPOST_31
2020-01-12 15:00:40.786  INFO 3440 --- [main] .d.s.w.r.o.CachingOperationNameGenerator : Generating unique operation named: deleteUsingDELETE_16
2020-01-12 15:00:40.787  INFO 3440 --- [main] .d.s.w.r.o.CachingOperationNameGenerator : Generating unique operation named: getAvgAndAllByUserIDUsingPOST_1
2020-01-12 15:00:40.792  INFO 3440 --- [main] .d.s.w.r.o.CachingOperationNameGenerator : Generating unique operation named: saveUsingPOST_32
2020-01-12 15:00:40.795  INFO 3440 --- [main] .d.s.w.r.o.CachingOperationNameGenerator : Generating unique operation named: deleteUsingPOST_15
2020-01-12 15:00:40.797  INFO 3440 --- [main] .d.s.w.r.o.CachingOperationNameGenerator : Generating unique operation named: getByIDUsingPOST_11
2020-01-12 15:00:40.798  INFO 3440 --- [main] .d.s.w.r.o.CachingOperationNameGenerator : Generating unique operation named: getByUserIDUsingPOST_8
2020-01-12 15:00:40.800  INFO 3440 --- [main] .d.s.w.r.o.CachingOperationNameGenerator : Generating unique operation named: jsonUsingPOST_31
2020-01-12 15:00:40.801  INFO 3440 --- [main] .d.s.w.r.o.CachingOperationNameGenerator : Generating unique operation named: listUsingPOST_12
2020-01-12 15:00:40.803  INFO 3440 --- [main] .d.s.w.r.o.CachingOperationNameGenerator : Generating unique operation named: saveUsingPOST_33
2020-01-12 15:00:40.806  INFO 3440 --- [main] .d.s.w.r.o.CachingOperationNameGenerator : Generating unique operation named: deleteUsingPOST_16
2020-01-12 15:00:40.807  INFO 3440 --- [main] .d.s.w.r.o.CachingOperationNameGenerator : Generating unique operation named: getListByUserIDUsingPOST_1
2020-01-12 15:00:40.816  INFO 3440 --- [main] .d.s.w.r.o.CachingOperationNameGenerator : Generating unique operation named: jsonUsingPOST_32
2020-01-12 15:00:40.818  INFO 3440 --- [main] .d.s.w.r.o.CachingOperationNameGenerator : Generating unique operation named: saveUsingPOST_34
2020-01-12 15:00:40.820  INFO 3440 --- [main] .d.s.w.r.o.CachingOperationNameGenerator : Generating unique operation named: deleteUsingDELETE_17
2020-01-12 15:00:40.821  INFO 3440 --- [main] .d.s.w.r.o.CachingOperationNameGenerator : Generating unique operation named: getByuserIDUsingPOST_1
2020-01-12 15:00:40.825  INFO 3440 --- [main] .d.s.w.r.o.CachingOperationNameGenerator : Generating unique operation named: insertUsingPOST_1
2020-01-12 15:00:40.829  INFO 3440 --- [main] .d.s.w.r.o.CachingOperationNameGenerator : Generating unique operation named: jsonUsingPOST_33
2020-01-12 15:00:40.833  INFO 3440 --- [main] .d.s.w.r.o.CachingOperationNameGenerator : Generating unique operation named: saveUsingPOST_35
2020-01-12 15:00:40.835  INFO 3440 --- [main] .d.s.w.r.o.CachingOperationNameGenerator : Generating unique operation named: deleteUsingDELETE_18
2020-01-12 15:00:40.837  INFO 3440 --- [main] .d.s.w.r.o.CachingOperationNameGenerator : Generating unique operation named: getListByUserIDUsingPOST_2
2020-01-12 15:00:40.841  INFO 3440 --- [main] .d.s.w.r.o.CachingOperationNameGenerator : Generating unique operation named: jsonUsingPOST_34
2020-01-12 15:00:40.843  INFO 3440 --- [main] .d.s.w.r.o.CachingOperationNameGenerator : Generating unique operation named: saveUsingPOST_36
2020-01-12 15:00:40.849  INFO 3440 --- [main] .d.s.w.r.o.CachingOperationNameGenerator : Generating unique operation named: getUsingPOST_2
2020-01-12 15:00:40.858  INFO 3440 --- [main] .d.s.w.r.o.CachingOperationNameGenerator : Generating unique operation named: jsonUsingPOST_35
2020-01-12 15:00:40.860  INFO 3440 --- [main] .d.s.w.r.o.CachingOperationNameGenerator : Generating unique operation named: listUsingGET_10
2020-01-12 15:00:40.862  INFO 3440 --- [main] .d.s.w.r.o.CachingOperationNameGenerator : Generating unique operation named: saveUsingPOST_37
2020-01-12 15:00:40.865  INFO 3440 --- [main] .d.s.w.r.o.CachingOperationNameGenerator : Generating unique operation named: deleteUsingDELETE_19
2020-01-12 15:00:40.869  INFO 3440 --- [main] .d.s.w.r.o.CachingOperationNameGenerator : Generating unique operation named: getUsingGET_9
2020-01-12 15:00:40.871  INFO 3440 --- [main] .d.s.w.r.o.CachingOperationNameGenerator : Generating unique operation named: getByUserIDUsingPOST_9
2020-01-12 15:00:40.873  INFO 3440 --- [main] .d.s.w.r.o.CachingOperationNameGenerator : Generating unique operation named: jsonUsingPOST_36
2020-01-12 15:00:40.874  INFO 3440 --- [main] .d.s.w.r.o.CachingOperationNameGenerator : Generating unique operation named: listUsingGET_11
2020-01-12 15:00:40.876  INFO 3440 --- [main] .d.s.w.r.o.CachingOperationNameGenerator : Generating unique operation named: saveUsingPOST_38
2020-01-12 15:00:40.895  INFO 3440 --- [main] c.h.wxprogram.WxprogramApplicationTests  : Started WxprogramApplicationTests in 7.354 seconds (JVM running for 8.256)
2020-01-12 15:00:41.151 DEBUG 3440 --- [main] c.h.w.mapper.SportsimgMapper.selectList  : ==>  Preparing: SELECT id AS id,sportsImgUrl,userID,`date`,burnType,productserviceID,burnCalories,isUsed FROM t_sportsimg WHERE (date = ? AND userID = ?) 
2020-01-12 15:00:41.167 DEBUG 3440 --- [main] c.h.w.mapper.SportsimgMapper.selectList  : ==> Parameters: 2020.01.12(String), 1398908905(Integer)
2020-01-12 15:00:41.179 DEBUG 3440 --- [main] c.h.w.mapper.SportsimgMapper.selectList  : <==      Total: 0
2020-01-12 15:00:41.212  INFO 3440 --- [SpringContextShutdownHook] o.s.s.concurrent.ThreadPoolTaskExecutor  : Shutting down ExecutorService 'applicationTaskExecutor'
2020-01-12 15:00:41.217  INFO 3440 --- [SpringContextShutdownHook] com.zaxxer.hikari.HikariDataSource       : HikariPool-1 - Shutdown initiated...
2020-01-12 15:00:41.220  INFO 3440 --- [SpringContextShutdownHook] com.zaxxer.hikari.HikariDataSource       : HikariPool-1 - Shutdown completed.
